sample.interval=20000
"apply" "FUN" "lapply" "make_non_neg" "check_inputs" "apply_resnmtf" 
"La.svd" "svd" "init_mats_inner" "init_mats" "res_nmtf_inner" "apply_resnmtf" 
"grep" "is.ddsym" "cmpSym" "cmp" "cmpPrim2" "h" "tryInline" "cmpCall" "cmp" "cmpSymbolAssign" "h" "tryInline" "cmpCall" "cmp" "h" "tryInline" "cmpCall" "cmp" "h" "tryInline" "cmpCall" "cmp" "h" "tryInline" "cmpCall" "cmp" "genCode" "cmpfun" "doTryCatch" "tryCatchOne" "tryCatchList" "tryCatch" "compiler:::tryCmpfun" "update_f" "update_matrices" "res_nmtf_inner" "apply_resnmtf" 
"findCenvVar" "getInlineInfo" "isBaseVar" "isLoopTopFun" "checkSkipLoopCntxt" "h" "tryInline" "cmpCall" "cmp" "h" "tryInline" "cmpCall" "cmp" "genCode" "cmpfun" "doTryCatch" "tryCatchOne" "tryCatchList" "tryCatch" "compiler:::tryCmpfun" "calculate_error" "res_nmtf_inner" "apply_resnmtf" 
"t.default" "t" "update_g" "update_matrices" "res_nmtf_inner" "apply_resnmtf" 
"%*%" "update_f" "update_matrices" "res_nmtf_inner" "apply_resnmtf" 
"putconst" "cb$commitlocs" "codeBufCode" "genCode" "cb$putconst" "cmpCallArgs" "cmpCallSymFun" "cmpCall" "cmp" "cmpSymbolAssign" "h" "tryInline" "cmpCall" "cmp" "h" "tryInline" "cmpCall" "cmp" "h" "tryInline" "cmpCall" "cmp" "h" "tryInline" "cmpCall" "cmp" "genCode" "cmpfun" "doTryCatch" "tryCatchOne" "tryCatchList" "tryCatch" "compiler:::tryCmpfun" "apply_resnmtf" "obtain_shuffled_f" "get_thresholds" "check_biclusters" "obtain_biclusters" "res_nmtf_inner" "apply_resnmtf" 
"lazyLoadDBfetch" "h" "tryGetterInline" "cmpGetterCall" "cmpComplexAssign" "h" "tryInline" "cmpCall" "cmp" "h" "tryInline" "cmpCall" "cmp" "h" "tryInline" "cmpCall" "cmp" "h" "tryInline" "cmpCall" "cmp" "cmpForBody" "h" "tryInline" "cmpCall" "cmp" "h" "tryInline" "cmpCall" "cmp" "h" "tryInline" "cmpCall" "cmp" "h" "tryInline" "cmpCall" "cmp" "genCode" "cmpfun" "doTryCatch" "tryCatchOne" "tryCatchList" "tryCatch" "compiler:::tryCmpfun" "give_names" "apply_resnmtf" "obtain_shuffled_f" "get_thresholds" "check_biclusters" "obtain_biclusters" "res_nmtf_inner" "apply_resnmtf" 
"%in%" "getFoldFun" "constantFoldCall" "constantFold" "h" "tryInline" "cmpCall" "cmp" "h" "tryInline" "cmpCall" "cmp" "cmpForBody" "h" "tryInline" "cmpCall" "cmp" "h" "tryInline" "cmpCall" "cmp" "genCode" "cmpfun" "doTryCatch" "tryCatchOne" "tryCatchList" "tryCatch" "compiler:::tryCmpfun" "reorder_data" "apply_resnmtf" "obtain_shuffled_f" "get_thresholds" "check_biclusters" "obtain_biclusters" "res_nmtf_inner" "apply_resnmtf" 
"getInlineHandler" "tryInline" "cmpCall" "cmp" "h" "tryInline" "cmpCall" "cmp" "genCode" "cmpfun" "doTryCatch" "tryCatchOne" "tryCatchList" "tryCatch" "compiler:::tryCmpfun" "check_inputs" "apply_resnmtf" "obtain_shuffled_f" "get_thresholds" "check_biclusters" "obtain_biclusters" "res_nmtf_inner" "apply_resnmtf" 
"FUN" "lapply" "FUN" "lapply" "make_non_neg" "check_inputs" "apply_resnmtf" "obtain_shuffled_f" "get_thresholds" "check_biclusters" "obtain_biclusters" "res_nmtf_inner" "apply_resnmtf" 
"FUN" "lapply" "findLocalsList1" "findLocalsList" "funEnv" "make.functionContext" "cmpfun" "doTryCatch" "tryCatchOne" "tryCatchList" "tryCatch" "compiler:::tryCmpfun" "init_mats" "res_nmtf_inner" "apply_resnmtf" "obtain_shuffled_f" "get_thresholds" "check_biclusters" "obtain_biclusters" "res_nmtf_inner" "apply_resnmtf" 
"La.svd" "svd" "init_mats_inner" "init_mats" "res_nmtf_inner" "apply_resnmtf" "obtain_shuffled_f" "get_thresholds" "check_biclusters" "obtain_biclusters" "res_nmtf_inner" "apply_resnmtf" 
"%*%" "update_s" "update_matrices" "res_nmtf_inner" "apply_resnmtf" "obtain_shuffled_f" "get_thresholds" "check_biclusters" "obtain_biclusters" "res_nmtf_inner" "apply_resnmtf" 
"%*%" "update_s" "update_matrices" "res_nmtf_inner" "apply_resnmtf" "obtain_shuffled_f" "get_thresholds" "check_biclusters" "obtain_biclusters" "res_nmtf_inner" "apply_resnmtf" 
"%*%" "update_f" "update_matrices" "res_nmtf_inner" "apply_resnmtf" "obtain_shuffled_f" "get_thresholds" "check_biclusters" "obtain_biclusters" "res_nmtf_inner" "apply_resnmtf" 
"%*%" "update_g" "update_matrices" "res_nmtf_inner" "apply_resnmtf" "obtain_shuffled_f" "get_thresholds" "check_biclusters" "obtain_biclusters" "res_nmtf_inner" "apply_resnmtf" 
"t.default" "t" "update_g" "update_matrices" "res_nmtf_inner" "apply_resnmtf" "obtain_shuffled_f" "get_thresholds" "check_biclusters" "obtain_biclusters" "res_nmtf_inner" "apply_resnmtf" 
"%*%" "update_g" "update_matrices" "res_nmtf_inner" "apply_resnmtf" "obtain_shuffled_f" "get_thresholds" "check_biclusters" "obtain_biclusters" "res_nmtf_inner" "apply_resnmtf" 
"%*%" "update_g" "update_matrices" "res_nmtf_inner" "apply_resnmtf" "obtain_shuffled_f" "get_thresholds" "check_biclusters" "obtain_biclusters" "res_nmtf_inner" "apply_resnmtf" 
"%*%" "update_g" "update_matrices" "res_nmtf_inner" "apply_resnmtf" "obtain_shuffled_f" "get_thresholds" "check_biclusters" "obtain_biclusters" "res_nmtf_inner" "apply_resnmtf" 
"norm" "calculate_error" "res_nmtf_inner" "apply_resnmtf" "obtain_shuffled_f" "get_thresholds" "check_biclusters" "obtain_biclusters" "res_nmtf_inner" "apply_resnmtf" 
"%*%" "calculate_error" "res_nmtf_inner" "apply_resnmtf" "obtain_shuffled_f" "get_thresholds" "check_biclusters" "obtain_biclusters" "res_nmtf_inner" "apply_resnmtf" 
"%*%" "update_g" "update_matrices" "res_nmtf_inner" "apply_resnmtf" "obtain_shuffled_f" "get_thresholds" "check_biclusters" "obtain_biclusters" "res_nmtf_inner" "apply_resnmtf" 
"%*%" "update_g" "update_matrices" "res_nmtf_inner" "apply_resnmtf" "obtain_shuffled_f" "get_thresholds" "check_biclusters" "obtain_biclusters" "res_nmtf_inner" "apply_resnmtf" 
"%*%" "update_g" "update_matrices" "res_nmtf_inner" "apply_resnmtf" "obtain_shuffled_f" "get_thresholds" "check_biclusters" "obtain_biclusters" "res_nmtf_inner" "apply_resnmtf" 
"%*%" "calculate_error" "res_nmtf_inner" "apply_resnmtf" "obtain_shuffled_f" "get_thresholds" "check_biclusters" "obtain_biclusters" "res_nmtf_inner" "apply_resnmtf" 
"%*%" "calculate_error" "res_nmtf_inner" "apply_resnmtf" "obtain_shuffled_f" "get_thresholds" "check_biclusters" "obtain_biclusters" "res_nmtf_inner" "apply_resnmtf" 
"%*%" "update_g" "update_matrices" "res_nmtf_inner" "apply_resnmtf" "obtain_shuffled_f" "get_thresholds" "check_biclusters" "obtain_biclusters" "res_nmtf_inner" "apply_resnmtf" 
"t.default" "t" "update_g" "update_matrices" "res_nmtf_inner" "apply_resnmtf" "obtain_shuffled_f" "get_thresholds" "check_biclusters" "obtain_biclusters" "res_nmtf_inner" "apply_resnmtf" 
"t.default" "t" "update_g" "update_matrices" "res_nmtf_inner" "apply_resnmtf" "obtain_shuffled_f" "get_thresholds" "check_biclusters" "obtain_biclusters" "res_nmtf_inner" "apply_resnmtf" 
"norm" "calculate_error" "res_nmtf_inner" "apply_resnmtf" "obtain_shuffled_f" "get_thresholds" "check_biclusters" "obtain_biclusters" "res_nmtf_inner" "apply_resnmtf" 
"%*%" "update_f" "update_matrices" "res_nmtf_inner" "apply_resnmtf" "obtain_shuffled_f" "get_thresholds" "check_biclusters" "obtain_biclusters" "res_nmtf_inner" "apply_resnmtf" 
"%*%" "update_s" "update_matrices" "res_nmtf_inner" "apply_resnmtf" "obtain_shuffled_f" "get_thresholds" "check_biclusters" "obtain_biclusters" "res_nmtf_inner" "apply_resnmtf" 
"%*%" "calculate_error" "res_nmtf_inner" "apply_resnmtf" "obtain_shuffled_f" "get_thresholds" "check_biclusters" "obtain_biclusters" "res_nmtf_inner" "apply_resnmtf" 
"%*%" "update_g" "update_matrices" "res_nmtf_inner" "apply_resnmtf" "obtain_shuffled_f" "get_thresholds" "check_biclusters" "obtain_biclusters" "res_nmtf_inner" "apply_resnmtf" 
"%*%" "update_s" "update_matrices" "res_nmtf_inner" "apply_resnmtf" "obtain_shuffled_f" "get_thresholds" "check_biclusters" "obtain_biclusters" "res_nmtf_inner" "apply_resnmtf" 
"norm" "calculate_error" "res_nmtf_inner" "apply_resnmtf" "obtain_shuffled_f" "get_thresholds" "check_biclusters" "obtain_biclusters" "res_nmtf_inner" "apply_resnmtf" 
"%*%" "update_g" "update_matrices" "res_nmtf_inner" "apply_resnmtf" "obtain_shuffled_f" "get_thresholds" "check_biclusters" "obtain_biclusters" "res_nmtf_inner" "apply_resnmtf" 
"%*%" "update_s" "update_matrices" "res_nmtf_inner" "apply_resnmtf" "obtain_shuffled_f" "get_thresholds" "check_biclusters" "obtain_biclusters" "res_nmtf_inner" "apply_resnmtf" 
"%*%" "update_s" "update_matrices" "res_nmtf_inner" "apply_resnmtf" "obtain_shuffled_f" "get_thresholds" "check_biclusters" "obtain_biclusters" "res_nmtf_inner" "apply_resnmtf" 
"%*%" "update_f" "update_matrices" "res_nmtf_inner" "apply_resnmtf" "obtain_shuffled_f" "get_thresholds" "check_biclusters" "obtain_biclusters" "res_nmtf_inner" "apply_resnmtf" 
"%*%" "update_f" "update_matrices" "res_nmtf_inner" "apply_resnmtf" "obtain_shuffled_f" "get_thresholds" "check_biclusters" "obtain_biclusters" "res_nmtf_inner" "apply_resnmtf" 
"%*%" "update_f" "update_matrices" "res_nmtf_inner" "apply_resnmtf" "obtain_shuffled_f" "get_thresholds" "check_biclusters" "obtain_biclusters" "res_nmtf_inner" "apply_resnmtf" 
"lapply" "FUN" "lapply" "make_non_neg" "check_inputs" "apply_resnmtf" "obtain_shuffled_f" "get_thresholds" "check_biclusters" "obtain_biclusters" "res_nmtf_inner" "apply_resnmtf" 
"La.svd" "svd" "init_mats_inner" "init_mats" "res_nmtf_inner" "apply_resnmtf" "obtain_shuffled_f" "get_thresholds" "check_biclusters" "obtain_biclusters" "res_nmtf_inner" "apply_resnmtf" 
"%*%" "update_g" "update_matrices" "res_nmtf_inner" "apply_resnmtf" "obtain_shuffled_f" "get_thresholds" "check_biclusters" "obtain_biclusters" "res_nmtf_inner" "apply_resnmtf" 
"%*%" "calculate_error" "res_nmtf_inner" "apply_resnmtf" "obtain_shuffled_f" "get_thresholds" "check_biclusters" "obtain_biclusters" "res_nmtf_inner" "apply_resnmtf" 
"norm" "calculate_error" "res_nmtf_inner" "apply_resnmtf" "obtain_shuffled_f" "get_thresholds" "check_biclusters" "obtain_biclusters" "res_nmtf_inner" "apply_resnmtf" 
"%*%" "update_f" "update_matrices" "res_nmtf_inner" "apply_resnmtf" "obtain_shuffled_f" "get_thresholds" "check_biclusters" "obtain_biclusters" "res_nmtf_inner" "apply_resnmtf" 
"colSums" "update_lm" "update_matrices" "res_nmtf_inner" "apply_resnmtf" "obtain_shuffled_f" "get_thresholds" "check_biclusters" "obtain_biclusters" "res_nmtf_inner" "apply_resnmtf" 
"%*%" "update_f" "update_matrices" "res_nmtf_inner" "apply_resnmtf" "obtain_shuffled_f" "get_thresholds" "check_biclusters" "obtain_biclusters" "res_nmtf_inner" "apply_resnmtf" 
"%*%" "update_g" "update_matrices" "res_nmtf_inner" "apply_resnmtf" "obtain_shuffled_f" "get_thresholds" "check_biclusters" "obtain_biclusters" "res_nmtf_inner" "apply_resnmtf" 
"norm" "calculate_error" "res_nmtf_inner" "apply_resnmtf" "obtain_shuffled_f" "get_thresholds" "check_biclusters" "obtain_biclusters" "res_nmtf_inner" "apply_resnmtf" 
"%*%" "calculate_error" "res_nmtf_inner" "apply_resnmtf" "obtain_shuffled_f" "get_thresholds" "check_biclusters" "obtain_biclusters" "res_nmtf_inner" "apply_resnmtf" 
"%*%" "update_g" "update_matrices" "res_nmtf_inner" "apply_resnmtf" "obtain_shuffled_f" "get_thresholds" "check_biclusters" "obtain_biclusters" "res_nmtf_inner" "apply_resnmtf" 
"%*%" "update_f" "update_matrices" "res_nmtf_inner" "apply_resnmtf" "obtain_shuffled_f" "get_thresholds" "check_biclusters" "obtain_biclusters" "res_nmtf_inner" "apply_resnmtf" 
"%*%" "calculate_error" "res_nmtf_inner" "apply_resnmtf" "obtain_shuffled_f" "get_thresholds" "check_biclusters" "obtain_biclusters" "res_nmtf_inner" "apply_resnmtf" 
"%*%" "update_f" "update_matrices" "res_nmtf_inner" "apply_resnmtf" "obtain_shuffled_f" "get_thresholds" "check_biclusters" "obtain_biclusters" "res_nmtf_inner" "apply_resnmtf" 
"%*%" "calculate_error" "res_nmtf_inner" "apply_resnmtf" "obtain_shuffled_f" "get_thresholds" "check_biclusters" "obtain_biclusters" "res_nmtf_inner" "apply_resnmtf" 
"%*%" "update_g" "update_matrices" "res_nmtf_inner" "apply_resnmtf" "obtain_shuffled_f" "get_thresholds" "check_biclusters" "obtain_biclusters" "res_nmtf_inner" "apply_resnmtf" 
"%*%" "update_f" "update_matrices" "res_nmtf_inner" "apply_resnmtf" "obtain_shuffled_f" "get_thresholds" "check_biclusters" "obtain_biclusters" "res_nmtf_inner" "apply_resnmtf" 
"%*%" "update_f" "update_matrices" "res_nmtf_inner" "apply_resnmtf" "obtain_shuffled_f" "get_thresholds" "check_biclusters" "obtain_biclusters" "res_nmtf_inner" "apply_resnmtf" 
"%*%" "update_s" "update_matrices" "res_nmtf_inner" "apply_resnmtf" "obtain_shuffled_f" "get_thresholds" "check_biclusters" "obtain_biclusters" "res_nmtf_inner" "apply_resnmtf" 
"%*%" "update_f" "update_matrices" "res_nmtf_inner" "apply_resnmtf" "obtain_shuffled_f" "get_thresholds" "check_biclusters" "obtain_biclusters" "res_nmtf_inner" "apply_resnmtf" 
"%*%" "update_s" "update_matrices" "res_nmtf_inner" "apply_resnmtf" "obtain_shuffled_f" "get_thresholds" "check_biclusters" "obtain_biclusters" "res_nmtf_inner" "apply_resnmtf" 
"t.default" "t" "update_g" "update_matrices" "res_nmtf_inner" "apply_resnmtf" "obtain_shuffled_f" "get_thresholds" "check_biclusters" "obtain_biclusters" "res_nmtf_inner" "apply_resnmtf" 
"%*%" "update_g" "update_matrices" "res_nmtf_inner" "apply_resnmtf" "obtain_shuffled_f" "get_thresholds" "check_biclusters" "obtain_biclusters" "res_nmtf_inner" "apply_resnmtf" 
"%*%" "calculate_error" "res_nmtf_inner" "apply_resnmtf" "obtain_shuffled_f" "get_thresholds" "check_biclusters" "obtain_biclusters" "res_nmtf_inner" "apply_resnmtf" 
"%*%" "update_g" "update_matrices" "res_nmtf_inner" "apply_resnmtf" "obtain_shuffled_f" "get_thresholds" "check_biclusters" "obtain_biclusters" "res_nmtf_inner" "apply_resnmtf" 
"t.default" "t" "update_g" "update_matrices" "res_nmtf_inner" "apply_resnmtf" "obtain_shuffled_f" "get_thresholds" "check_biclusters" "obtain_biclusters" "res_nmtf_inner" "apply_resnmtf" 
"%*%" "update_g" "update_matrices" "res_nmtf_inner" "apply_resnmtf" "obtain_shuffled_f" "get_thresholds" "check_biclusters" "obtain_biclusters" "res_nmtf_inner" "apply_resnmtf" 
"%*%" "update_f" "update_matrices" "res_nmtf_inner" "apply_resnmtf" "obtain_shuffled_f" "get_thresholds" "check_biclusters" "obtain_biclusters" "res_nmtf_inner" "apply_resnmtf" 
"%*%" "update_g" "update_matrices" "res_nmtf_inner" "apply_resnmtf" "obtain_shuffled_f" "get_thresholds" "check_biclusters" "obtain_biclusters" "res_nmtf_inner" "apply_resnmtf" 
"%*%" "update_f" "update_matrices" "res_nmtf_inner" "apply_resnmtf" "obtain_shuffled_f" "get_thresholds" "check_biclusters" "obtain_biclusters" "res_nmtf_inner" "apply_resnmtf" 
"%*%" "update_g" "update_matrices" "res_nmtf_inner" "apply_resnmtf" "obtain_shuffled_f" "get_thresholds" "check_biclusters" "obtain_biclusters" "res_nmtf_inner" "apply_resnmtf" 
"%*%" "update_f" "update_matrices" "res_nmtf_inner" "apply_resnmtf" "obtain_shuffled_f" "get_thresholds" "check_biclusters" "obtain_biclusters" "res_nmtf_inner" "apply_resnmtf" 
"%*%" "update_g" "update_matrices" "res_nmtf_inner" "apply_resnmtf" "obtain_shuffled_f" "get_thresholds" "check_biclusters" "obtain_biclusters" "res_nmtf_inner" "apply_resnmtf" 
"t.default" "t" "update_g" "update_matrices" "res_nmtf_inner" "apply_resnmtf" "obtain_shuffled_f" "get_thresholds" "check_biclusters" "obtain_biclusters" "res_nmtf_inner" "apply_resnmtf" 
"t.default" "t" "update_g" "update_matrices" "res_nmtf_inner" "apply_resnmtf" "obtain_shuffled_f" "get_thresholds" "check_biclusters" "obtain_biclusters" "res_nmtf_inner" "apply_resnmtf" 
"%*%" "update_g" "update_matrices" "res_nmtf_inner" "apply_resnmtf" "obtain_shuffled_f" "get_thresholds" "check_biclusters" "obtain_biclusters" "res_nmtf_inner" "apply_resnmtf" 
"t.default" "t" "update_g" "update_matrices" "res_nmtf_inner" "apply_resnmtf" "obtain_shuffled_f" "get_thresholds" "check_biclusters" "obtain_biclusters" "res_nmtf_inner" "apply_resnmtf" 
"%*%" "update_f" "update_matrices" "res_nmtf_inner" "apply_resnmtf" "obtain_shuffled_f" "get_thresholds" "check_biclusters" "obtain_biclusters" "res_nmtf_inner" "apply_resnmtf" 
"is.factor" "duplicated.default" "duplicated" "setdiff" "reorder_data" "apply_resnmtf" "obtain_shuffled_f" "get_thresholds" "check_biclusters" "obtain_biclusters" "res_nmtf_inner" "apply_resnmtf" 
"La.svd" "svd" "init_mats_inner" "init_mats" "res_nmtf_inner" "apply_resnmtf" "obtain_shuffled_f" "get_thresholds" "check_biclusters" "obtain_biclusters" "res_nmtf_inner" "apply_resnmtf" 
"t.default" "t" "update_g" "update_matrices" "res_nmtf_inner" "apply_resnmtf" "obtain_shuffled_f" "get_thresholds" "check_biclusters" "obtain_biclusters" "res_nmtf_inner" "apply_resnmtf" 
"%*%" "update_f" "update_matrices" "res_nmtf_inner" "apply_resnmtf" "obtain_shuffled_f" "get_thresholds" "check_biclusters" "obtain_biclusters" "res_nmtf_inner" "apply_resnmtf" 
"%*%" "update_g" "update_matrices" "res_nmtf_inner" "apply_resnmtf" "obtain_shuffled_f" "get_thresholds" "check_biclusters" "obtain_biclusters" "res_nmtf_inner" "apply_resnmtf" 
"%*%" "update_s" "update_matrices" "res_nmtf_inner" "apply_resnmtf" "obtain_shuffled_f" "get_thresholds" "check_biclusters" "obtain_biclusters" "res_nmtf_inner" "apply_resnmtf" 
"%*%" "update_g" "update_matrices" "res_nmtf_inner" "apply_resnmtf" "obtain_shuffled_f" "get_thresholds" "check_biclusters" "obtain_biclusters" "res_nmtf_inner" "apply_resnmtf" 
"%*%" "update_g" "update_matrices" "res_nmtf_inner" "apply_resnmtf" "obtain_shuffled_f" "get_thresholds" "check_biclusters" "obtain_biclusters" "res_nmtf_inner" "apply_resnmtf" 
"%*%" "update_s" "update_matrices" "res_nmtf_inner" "apply_resnmtf" "obtain_shuffled_f" "get_thresholds" "check_biclusters" "obtain_biclusters" "res_nmtf_inner" "apply_resnmtf" 
"%*%" "update_g" "update_matrices" "res_nmtf_inner" "apply_resnmtf" "obtain_shuffled_f" "get_thresholds" "check_biclusters" "obtain_biclusters" "res_nmtf_inner" "apply_resnmtf" 
"%*%" "update_g" "update_matrices" "res_nmtf_inner" "apply_resnmtf" "obtain_shuffled_f" "get_thresholds" "check_biclusters" "obtain_biclusters" "res_nmtf_inner" "apply_resnmtf" 
"%*%" "update_g" "update_matrices" "res_nmtf_inner" "apply_resnmtf" "obtain_shuffled_f" "get_thresholds" "check_biclusters" "obtain_biclusters" "res_nmtf_inner" "apply_resnmtf" 
"%*%" "calculate_error" "res_nmtf_inner" "apply_resnmtf" "obtain_shuffled_f" "get_thresholds" "check_biclusters" "obtain_biclusters" "res_nmtf_inner" "apply_resnmtf" 
"%*%" "update_g" "update_matrices" "res_nmtf_inner" "apply_resnmtf" "obtain_shuffled_f" "get_thresholds" "check_biclusters" "obtain_biclusters" "res_nmtf_inner" "apply_resnmtf" 
"matrix" "t" "update_g" "update_matrices" "res_nmtf_inner" "apply_resnmtf" "obtain_shuffled_f" "get_thresholds" "check_biclusters" "obtain_biclusters" "res_nmtf_inner" "apply_resnmtf" 
"%*%" "update_f" "update_matrices" "res_nmtf_inner" "apply_resnmtf" "obtain_shuffled_f" "get_thresholds" "check_biclusters" "obtain_biclusters" "res_nmtf_inner" "apply_resnmtf" 
"%*%" "update_f" "update_matrices" "res_nmtf_inner" "apply_resnmtf" "obtain_shuffled_f" "get_thresholds" "check_biclusters" "obtain_biclusters" "res_nmtf_inner" "apply_resnmtf" 
"%*%" "calculate_error" "res_nmtf_inner" "apply_resnmtf" "obtain_shuffled_f" "get_thresholds" "check_biclusters" "obtain_biclusters" "res_nmtf_inner" "apply_resnmtf" 
"%*%" "calculate_error" "res_nmtf_inner" "apply_resnmtf" "obtain_shuffled_f" "get_thresholds" "check_biclusters" "obtain_biclusters" "res_nmtf_inner" "apply_resnmtf" 
"%*%" "update_f" "update_matrices" "res_nmtf_inner" "apply_resnmtf" "obtain_shuffled_f" "get_thresholds" "check_biclusters" "obtain_biclusters" "res_nmtf_inner" "apply_resnmtf" 
"%*%" "update_f" "update_matrices" "res_nmtf_inner" "apply_resnmtf" "obtain_shuffled_f" "get_thresholds" "check_biclusters" "obtain_biclusters" "res_nmtf_inner" "apply_resnmtf" 
"%*%" "update_g" "update_matrices" "res_nmtf_inner" "apply_resnmtf" "obtain_shuffled_f" "get_thresholds" "check_biclusters" "obtain_biclusters" "res_nmtf_inner" "apply_resnmtf" 
"%*%" "update_g" "update_matrices" "res_nmtf_inner" "apply_resnmtf" "obtain_shuffled_f" "get_thresholds" "check_biclusters" "obtain_biclusters" "res_nmtf_inner" "apply_resnmtf" 
"%*%" "calculate_error" "res_nmtf_inner" "apply_resnmtf" "obtain_shuffled_f" "get_thresholds" "check_biclusters" "obtain_biclusters" "res_nmtf_inner" "apply_resnmtf" 
"%*%" "update_f" "update_matrices" "res_nmtf_inner" "apply_resnmtf" "obtain_shuffled_f" "get_thresholds" "check_biclusters" "obtain_biclusters" "res_nmtf_inner" "apply_resnmtf" 
"t" "update_g" "update_matrices" "res_nmtf_inner" "apply_resnmtf" "obtain_shuffled_f" "get_thresholds" "check_biclusters" "obtain_biclusters" "res_nmtf_inner" "apply_resnmtf" 
"%*%" "update_f" "update_matrices" "res_nmtf_inner" "apply_resnmtf" "obtain_shuffled_f" "get_thresholds" "check_biclusters" "obtain_biclusters" "res_nmtf_inner" "apply_resnmtf" 
"%*%" "update_g" "update_matrices" "res_nmtf_inner" "apply_resnmtf" "obtain_shuffled_f" "get_thresholds" "check_biclusters" "obtain_biclusters" "res_nmtf_inner" "apply_resnmtf" 
"%*%" "calculate_error" "res_nmtf_inner" "apply_resnmtf" "obtain_shuffled_f" "get_thresholds" "check_biclusters" "obtain_biclusters" "res_nmtf_inner" "apply_resnmtf" 
"lapply" "FUN" "lapply" "make_non_neg" "check_inputs" "apply_resnmtf" "obtain_shuffled_f" "get_thresholds" "check_biclusters" "obtain_biclusters" "res_nmtf_inner" "apply_resnmtf" 
"La.svd" "svd" "init_mats_inner" "init_mats" "res_nmtf_inner" "apply_resnmtf" "obtain_shuffled_f" "get_thresholds" "check_biclusters" "obtain_biclusters" "res_nmtf_inner" "apply_resnmtf" 
"%*%" "update_g" "update_matrices" "res_nmtf_inner" "apply_resnmtf" "obtain_shuffled_f" "get_thresholds" "check_biclusters" "obtain_biclusters" "res_nmtf_inner" "apply_resnmtf" 
"%*%" "update_g" "update_matrices" "res_nmtf_inner" "apply_resnmtf" "obtain_shuffled_f" "get_thresholds" "check_biclusters" "obtain_biclusters" "res_nmtf_inner" "apply_resnmtf" 
"%*%" "update_f" "update_matrices" "res_nmtf_inner" "apply_resnmtf" "obtain_shuffled_f" "get_thresholds" "check_biclusters" "obtain_biclusters" "res_nmtf_inner" "apply_resnmtf" 
"%*%" "update_g" "update_matrices" "res_nmtf_inner" "apply_resnmtf" "obtain_shuffled_f" "get_thresholds" "check_biclusters" "obtain_biclusters" "res_nmtf_inner" "apply_resnmtf" 
"%*%" "update_f" "update_matrices" "res_nmtf_inner" "apply_resnmtf" "obtain_shuffled_f" "get_thresholds" "check_biclusters" "obtain_biclusters" "res_nmtf_inner" "apply_resnmtf" 
"%*%" "update_g" "update_matrices" "res_nmtf_inner" "apply_resnmtf" "obtain_shuffled_f" "get_thresholds" "check_biclusters" "obtain_biclusters" "res_nmtf_inner" "apply_resnmtf" 
"%*%" "update_g" "update_matrices" "res_nmtf_inner" "apply_resnmtf" "obtain_shuffled_f" "get_thresholds" "check_biclusters" "obtain_biclusters" "res_nmtf_inner" "apply_resnmtf" 
"%*%" "update_g" "update_matrices" "res_nmtf_inner" "apply_resnmtf" "obtain_shuffled_f" "get_thresholds" "check_biclusters" "obtain_biclusters" "res_nmtf_inner" "apply_resnmtf" 
"%*%" "update_g" "update_matrices" "res_nmtf_inner" "apply_resnmtf" "obtain_shuffled_f" "get_thresholds" "check_biclusters" "obtain_biclusters" "res_nmtf_inner" "apply_resnmtf" 
"%*%" "update_g" "update_matrices" "res_nmtf_inner" "apply_resnmtf" "obtain_shuffled_f" "get_thresholds" "check_biclusters" "obtain_biclusters" "res_nmtf_inner" "apply_resnmtf" 
"%*%" "update_g" "update_matrices" "res_nmtf_inner" "apply_resnmtf" "obtain_shuffled_f" "get_thresholds" "check_biclusters" "obtain_biclusters" "res_nmtf_inner" "apply_resnmtf" 
"%*%" "update_g" "update_matrices" "res_nmtf_inner" "apply_resnmtf" "obtain_shuffled_f" "get_thresholds" "check_biclusters" "obtain_biclusters" "res_nmtf_inner" "apply_resnmtf" 
"%*%" "update_f" "update_matrices" "res_nmtf_inner" "apply_resnmtf" "obtain_shuffled_f" "get_thresholds" "check_biclusters" "obtain_biclusters" "res_nmtf_inner" "apply_resnmtf" 
"%*%" "update_g" "update_matrices" "res_nmtf_inner" "apply_resnmtf" "obtain_shuffled_f" "get_thresholds" "check_biclusters" "obtain_biclusters" "res_nmtf_inner" "apply_resnmtf" 
"%*%" "calculate_error" "res_nmtf_inner" "apply_resnmtf" "obtain_shuffled_f" "get_thresholds" "check_biclusters" "obtain_biclusters" "res_nmtf_inner" "apply_resnmtf" 
"%*%" "update_s" "update_matrices" "res_nmtf_inner" "apply_resnmtf" "obtain_shuffled_f" "get_thresholds" "check_biclusters" "obtain_biclusters" "res_nmtf_inner" "apply_resnmtf" 
"%*%" "update_f" "update_matrices" "res_nmtf_inner" "apply_resnmtf" "obtain_shuffled_f" "get_thresholds" "check_biclusters" "obtain_biclusters" "res_nmtf_inner" "apply_resnmtf" 
"%*%" "update_f" "update_matrices" "res_nmtf_inner" "apply_resnmtf" "obtain_shuffled_f" "get_thresholds" "check_biclusters" "obtain_biclusters" "res_nmtf_inner" "apply_resnmtf" 
"%*%" "update_f" "update_matrices" "res_nmtf_inner" "apply_resnmtf" "obtain_shuffled_f" "get_thresholds" "check_biclusters" "obtain_biclusters" "res_nmtf_inner" "apply_resnmtf" 
"%*%" "update_f" "update_matrices" "res_nmtf_inner" "apply_resnmtf" "obtain_shuffled_f" "get_thresholds" "check_biclusters" "obtain_biclusters" "res_nmtf_inner" "apply_resnmtf" 
"%*%" "update_g" "update_matrices" "res_nmtf_inner" "apply_resnmtf" "obtain_shuffled_f" "get_thresholds" "check_biclusters" "obtain_biclusters" "res_nmtf_inner" "apply_resnmtf" 
"%*%" "update_g" "update_matrices" "res_nmtf_inner" "apply_resnmtf" "obtain_shuffled_f" "get_thresholds" "check_biclusters" "obtain_biclusters" "res_nmtf_inner" "apply_resnmtf" 
"%*%" "update_f" "update_matrices" "res_nmtf_inner" "apply_resnmtf" "obtain_shuffled_f" "get_thresholds" "check_biclusters" "obtain_biclusters" "res_nmtf_inner" "apply_resnmtf" 
"%*%" "update_g" "update_matrices" "res_nmtf_inner" "apply_resnmtf" "obtain_shuffled_f" "get_thresholds" "check_biclusters" "obtain_biclusters" "res_nmtf_inner" "apply_resnmtf" 
"%*%" "update_g" "update_matrices" "res_nmtf_inner" "apply_resnmtf" "obtain_shuffled_f" "get_thresholds" "check_biclusters" "obtain_biclusters" "res_nmtf_inner" "apply_resnmtf" 
"%*%" "update_s" "update_matrices" "res_nmtf_inner" "apply_resnmtf" "obtain_shuffled_f" "get_thresholds" "check_biclusters" "obtain_biclusters" "res_nmtf_inner" "apply_resnmtf" 
"%*%" "update_g" "update_matrices" "res_nmtf_inner" "apply_resnmtf" "obtain_shuffled_f" "get_thresholds" "check_biclusters" "obtain_biclusters" "res_nmtf_inner" "apply_resnmtf" 
"%*%" "update_f" "update_matrices" "res_nmtf_inner" "apply_resnmtf" "obtain_shuffled_f" "get_thresholds" "check_biclusters" "obtain_biclusters" "res_nmtf_inner" "apply_resnmtf" 
"%*%" "update_s" "update_matrices" "res_nmtf_inner" "apply_resnmtf" "obtain_shuffled_f" "get_thresholds" "check_biclusters" "obtain_biclusters" "res_nmtf_inner" "apply_resnmtf" 
"%*%" "update_g" "update_matrices" "res_nmtf_inner" "apply_resnmtf" "obtain_shuffled_f" "get_thresholds" "check_biclusters" "obtain_biclusters" "res_nmtf_inner" "apply_resnmtf" 
"%*%" "update_g" "update_matrices" "res_nmtf_inner" "apply_resnmtf" "obtain_shuffled_f" "get_thresholds" "check_biclusters" "obtain_biclusters" "res_nmtf_inner" "apply_resnmtf" 
"%*%" "update_g" "update_matrices" "res_nmtf_inner" "apply_resnmtf" "obtain_shuffled_f" "get_thresholds" "check_biclusters" "obtain_biclusters" "res_nmtf_inner" "apply_resnmtf" 
"%*%" "update_f" "update_matrices" "res_nmtf_inner" "apply_resnmtf" "obtain_shuffled_f" "get_thresholds" "check_biclusters" "obtain_biclusters" "res_nmtf_inner" "apply_resnmtf" 
"colSums" "update_lm" "update_matrices" "res_nmtf_inner" "apply_resnmtf" "obtain_shuffled_f" "get_thresholds" "check_biclusters" "obtain_biclusters" "res_nmtf_inner" "apply_resnmtf" 
"%*%" "update_g" "update_matrices" "res_nmtf_inner" "apply_resnmtf" "obtain_shuffled_f" "get_thresholds" "check_biclusters" "obtain_biclusters" "res_nmtf_inner" "apply_resnmtf" 
"lapply" "FUN" "lapply" "make_non_neg" "check_inputs" "apply_resnmtf" "obtain_shuffled_f" "get_thresholds" "check_biclusters" "obtain_biclusters" "res_nmtf_inner" "apply_resnmtf" 
"La.svd" "svd" "init_mats_inner" "init_mats" "res_nmtf_inner" "apply_resnmtf" "obtain_shuffled_f" "get_thresholds" "check_biclusters" "obtain_biclusters" "res_nmtf_inner" "apply_resnmtf" 
"%*%" "update_f" "update_matrices" "res_nmtf_inner" "apply_resnmtf" "obtain_shuffled_f" "get_thresholds" "check_biclusters" "obtain_biclusters" "res_nmtf_inner" "apply_resnmtf" 
"%*%" "update_f" "update_matrices" "res_nmtf_inner" "apply_resnmtf" "obtain_shuffled_f" "get_thresholds" "check_biclusters" "obtain_biclusters" "res_nmtf_inner" "apply_resnmtf" 
"%*%" "update_s" "update_matrices" "res_nmtf_inner" "apply_resnmtf" "obtain_shuffled_f" "get_thresholds" "check_biclusters" "obtain_biclusters" "res_nmtf_inner" "apply_resnmtf" 
"%*%" "update_g" "update_matrices" "res_nmtf_inner" "apply_resnmtf" "obtain_shuffled_f" "get_thresholds" "check_biclusters" "obtain_biclusters" "res_nmtf_inner" "apply_resnmtf" 
"%*%" "update_g" "update_matrices" "res_nmtf_inner" "apply_resnmtf" "obtain_shuffled_f" "get_thresholds" "check_biclusters" "obtain_biclusters" "res_nmtf_inner" "apply_resnmtf" 
"%*%" "update_f" "update_matrices" "res_nmtf_inner" "apply_resnmtf" "obtain_shuffled_f" "get_thresholds" "check_biclusters" "obtain_biclusters" "res_nmtf_inner" "apply_resnmtf" 
"%*%" "calculate_error" "res_nmtf_inner" "apply_resnmtf" "obtain_shuffled_f" "get_thresholds" "check_biclusters" "obtain_biclusters" "res_nmtf_inner" "apply_resnmtf" 
"%*%" "update_f" "update_matrices" "res_nmtf_inner" "apply_resnmtf" "obtain_shuffled_f" "get_thresholds" "check_biclusters" "obtain_biclusters" "res_nmtf_inner" "apply_resnmtf" 
"%*%" "update_g" "update_matrices" "res_nmtf_inner" "apply_resnmtf" "obtain_shuffled_f" "get_thresholds" "check_biclusters" "obtain_biclusters" "res_nmtf_inner" "apply_resnmtf" 
"t.default" "t" "update_g" "update_matrices" "res_nmtf_inner" "apply_resnmtf" "obtain_shuffled_f" "get_thresholds" "check_biclusters" "obtain_biclusters" "res_nmtf_inner" "apply_resnmtf" 
"norm" "calculate_error" "res_nmtf_inner" "apply_resnmtf" "obtain_shuffled_f" "get_thresholds" "check_biclusters" "obtain_biclusters" "res_nmtf_inner" "apply_resnmtf" 
"%*%" "update_f" "update_matrices" "res_nmtf_inner" "apply_resnmtf" "obtain_shuffled_f" "get_thresholds" "check_biclusters" "obtain_biclusters" "res_nmtf_inner" "apply_resnmtf" 
"%*%" "update_f" "update_matrices" "res_nmtf_inner" "apply_resnmtf" "obtain_shuffled_f" "get_thresholds" "check_biclusters" "obtain_biclusters" "res_nmtf_inner" "apply_resnmtf" 
"%*%" "update_g" "update_matrices" "res_nmtf_inner" "apply_resnmtf" "obtain_shuffled_f" "get_thresholds" "check_biclusters" "obtain_biclusters" "res_nmtf_inner" "apply_resnmtf" 
"%*%" "update_f" "update_matrices" "res_nmtf_inner" "apply_resnmtf" "obtain_shuffled_f" "get_thresholds" "check_biclusters" "obtain_biclusters" "res_nmtf_inner" "apply_resnmtf" 
"%*%" "update_f" "update_matrices" "res_nmtf_inner" "apply_resnmtf" "obtain_shuffled_f" "get_thresholds" "check_biclusters" "obtain_biclusters" "res_nmtf_inner" "apply_resnmtf" 
"%*%" "update_g" "update_matrices" "res_nmtf_inner" "apply_resnmtf" "obtain_shuffled_f" "get_thresholds" "check_biclusters" "obtain_biclusters" "res_nmtf_inner" "apply_resnmtf" 
"%*%" "update_f" "update_matrices" "res_nmtf_inner" "apply_resnmtf" "obtain_shuffled_f" "get_thresholds" "check_biclusters" "obtain_biclusters" "res_nmtf_inner" "apply_resnmtf" 
"%*%" "calculate_error" "res_nmtf_inner" "apply_resnmtf" "obtain_shuffled_f" "get_thresholds" "check_biclusters" "obtain_biclusters" "res_nmtf_inner" "apply_resnmtf" 
"%*%" "update_f" "update_matrices" "res_nmtf_inner" "apply_resnmtf" "obtain_shuffled_f" "get_thresholds" "check_biclusters" "obtain_biclusters" "res_nmtf_inner" "apply_resnmtf" 
"%*%" "update_f" "update_matrices" "res_nmtf_inner" "apply_resnmtf" "obtain_shuffled_f" "get_thresholds" "check_biclusters" "obtain_biclusters" "res_nmtf_inner" "apply_resnmtf" 
"%*%" "update_g" "update_matrices" "res_nmtf_inner" "apply_resnmtf" "obtain_shuffled_f" "get_thresholds" "check_biclusters" "obtain_biclusters" "res_nmtf_inner" "apply_resnmtf" 
"%*%" "update_f" "update_matrices" "res_nmtf_inner" "apply_resnmtf" "obtain_shuffled_f" "get_thresholds" "check_biclusters" "obtain_biclusters" "res_nmtf_inner" "apply_resnmtf" 
"%*%" "update_f" "update_matrices" "res_nmtf_inner" "apply_resnmtf" "obtain_shuffled_f" "get_thresholds" "check_biclusters" "obtain_biclusters" "res_nmtf_inner" "apply_resnmtf" 
"norm" "calculate_error" "res_nmtf_inner" "apply_resnmtf" "obtain_shuffled_f" "get_thresholds" "check_biclusters" "obtain_biclusters" "res_nmtf_inner" "apply_resnmtf" 
"%*%" "update_s" "update_matrices" "res_nmtf_inner" "apply_resnmtf" "obtain_shuffled_f" "get_thresholds" "check_biclusters" "obtain_biclusters" "res_nmtf_inner" "apply_resnmtf" 
"%*%" "calculate_error" "res_nmtf_inner" "apply_resnmtf" "obtain_shuffled_f" "get_thresholds" "check_biclusters" "obtain_biclusters" "res_nmtf_inner" "apply_resnmtf" 
"fft" "fft" "density.default" "stats::density" "jsd_calc" "calculate_f_shuffle_jsd" "get_thresholds" "check_biclusters" "obtain_biclusters" "res_nmtf_inner" "apply_resnmtf" 
"deparse" "paste" "deparse1" "density.default" "stats::density" "jsd_calc" "calculate_f_shuffle_jsd" "get_thresholds" "check_biclusters" "obtain_biclusters" "res_nmtf_inner" "apply_resnmtf" 
"unique.default" "unique" "regularize.values" "approx" "structure" "density.default" "stats::density" "jsd_calc" "calculate_f_shuffle_jsd" "get_thresholds" "check_biclusters" "obtain_biclusters" "res_nmtf_inner" "apply_resnmtf" 
"doWithOneRestart" "withOneRestart" "withRestarts" "message" "distance" "philentropy::JSD" "withCallingHandlers" "suppressMessages" "jsd_calc" "calculate_f_shuffle_jsd" "get_thresholds" "check_biclusters" "obtain_biclusters" "res_nmtf_inner" "apply_resnmtf" 
"unique.default" "unique" "regularize.values" "approx" "structure" "density.default" "stats::density" "jsd_calc" "calculate_f_shuffle_jsd" "get_thresholds" "check_biclusters" "obtain_biclusters" "res_nmtf_inner" "apply_resnmtf" 
"fft" "density.default" "stats::density" "jsd_calc" "calculate_f_shuffle_jsd" "get_thresholds" "check_biclusters" "obtain_biclusters" "res_nmtf_inner" "apply_resnmtf" 
"density.default" "stats::density" "jsd_calc" "calculate_f_shuffle_jsd" "get_thresholds" "check_biclusters" "obtain_biclusters" "res_nmtf_inner" "apply_resnmtf" 
"lapply" ".makeMessage" "message" "distance" "philentropy::JSD" "withCallingHandlers" "suppressMessages" "jsd_calc" "FUN" "apply" "mean" "check_biclusters" "obtain_biclusters" "res_nmtf_inner" "apply_resnmtf" 
"jensen_shannon" "distance" "philentropy::JSD" "withCallingHandlers" "suppressMessages" "jsd_calc" "FUN" "apply" "mean" "check_biclusters" "obtain_biclusters" "res_nmtf_inner" "apply_resnmtf" 
"lazyLoadDBfetch" "get" "as.matrix" "calculate_bis" "bisilhouette::bisilhouette" "obtain_biclusters" "res_nmtf_inner" "apply_resnmtf" 
